{
  "RSpec": {
    "coverage": {
      "/home/ubuntu/workspace/group_project/slc-wait-time-and-list/app/helpers/application_helper.rb": [
        1,
        null,
        null
      ],
      "/home/ubuntu/workspace/group_project/slc-wait-time-and-list/app/helpers/student_queues_helper.rb": [
        1,
        1,
        0,
        null,
        0,
        0,
        null,
        0,
        null,
        null,
        null,
        null,
        null,
        0,
        null,
        null
      ],
      "/home/ubuntu/workspace/group_project/slc-wait-time-and-list/app/helpers/student_requests_helper.rb": [
        1,
        null
      ],
      "/home/ubuntu/workspace/group_project/slc-wait-time-and-list/app/controllers/student_queues_controller.rb": [
        1,
        1,
        0,
        0,
        null,
        null,
        1,
        3,
        3,
        3,
        3,
        0,
        null,
        null,
        3,
        null,
        null,
        3,
        null,
        null,
        1,
        null,
        null,
        null,
        1,
        4,
        4,
        4,
        3,
        3,
        3,
        null,
        null,
        3,
        null,
        null,
        null,
        null,
        1,
        null,
        null,
        4,
        4,
        null,
        4,
        null,
        null,
        1,
        null,
        null,
        null,
        1,
        3,
        3,
        3,
        null,
        null,
        null,
        null,
        1,
        null,
        0,
        null,
        null,
        null,
        null
      ],
      "/home/ubuntu/workspace/group_project/slc-wait-time-and-list/app/controllers/application_controller.rb": [
        1,
        null,
        null,
        1,
        null
      ],
      "/home/ubuntu/workspace/group_project/slc-wait-time-and-list/app/models/active_session.rb": [
        1,
        1,
        1,
        null
      ],
      "/home/ubuntu/workspace/group_project/slc-wait-time-and-list/app/models/drop_in_history.rb": [
        1,
        1,
        1,
        null
      ],
      "/home/ubuntu/workspace/group_project/slc-wait-time-and-list/app/models/student_queue.rb": [
        1,
        1,
        1,
        null
      ],
      "/home/ubuntu/workspace/group_project/slc-wait-time-and-list/app/models/student.rb": [
        1,
        1,
        1,
        1,
        1,
        null,
        1,
        0,
        0,
        0,
        0,
        null,
        null,
        null,
        1,
        6,
        6,
        null,
        6,
        null,
        null,
        null
      ],
      "/home/ubuntu/workspace/group_project/slc-wait-time-and-list/app/models/tutor.rb": [
        1,
        1,
        1,
        1,
        null,
        null,
        1,
        0,
        0,
        0,
        0,
        0,
        0,
        null,
        0,
        null,
        null,
        null,
        1,
        1,
        0,
        0,
        0,
        0,
        null,
        0,
        null,
        null
      ],
      "/home/ubuntu/workspace/group_project/slc-wait-time-and-list/app/models/tutor_work_day.rb": [
        1,
        1,
        null
      ]
    },
    "timestamp": 1508911994
  },
  "Cucumber Features": {
    "coverage": {
      "/home/ubuntu/workspace/group_project/slc-wait-time-and-list/app/controllers/student_queues_controller.rb": [
        1,
        1,
        3,
        3,
        null,
        null,
        1,
        4,
        4,
        4,
        11,
        7,
        null,
        null,
        4,
        null,
        null,
        4,
        null,
        null,
        1,
        null,
        null,
        null,
        1,
        3,
        3,
        3,
        3,
        3,
        3,
        null,
        null,
        3,
        null,
        null,
        null,
        null,
        0,
        null,
        null,
        3,
        3,
        null,
        3,
        null,
        null,
        1,
        null,
        null,
        null,
        1,
        1,
        1,
        1,
        null,
        null,
        null,
        null,
        1,
        null,
        0,
        null,
        null,
        null,
        null
      ],
      "/home/ubuntu/workspace/group_project/slc-wait-time-and-list/app/controllers/application_controller.rb": [
        1,
        null,
        null,
        1,
        null
      ],
      "/home/ubuntu/workspace/group_project/slc-wait-time-and-list/app/helpers/application_helper.rb": [
        1,
        null,
        null
      ],
      "/home/ubuntu/workspace/group_project/slc-wait-time-and-list/app/helpers/student_queues_helper.rb": [
        1,
        1,
        8,
        null,
        8,
        8,
        null,
        8,
        null,
        null,
        null,
        null,
        null,
        8,
        null,
        null
      ],
      "/home/ubuntu/workspace/group_project/slc-wait-time-and-list/app/helpers/student_requests_helper.rb": [
        1,
        null
      ],
      "/home/ubuntu/workspace/group_project/slc-wait-time-and-list/app/models/student.rb": [
        1,
        1,
        1,
        1,
        1,
        null,
        1,
        0,
        0,
        0,
        0,
        null,
        null,
        null,
        1,
        1,
        1,
        null,
        1,
        null,
        null,
        null
      ],
      "/home/ubuntu/workspace/group_project/slc-wait-time-and-list/app/models/student_queue.rb": [
        1,
        1,
        1,
        null
      ],
      "/home/ubuntu/workspace/group_project/slc-wait-time-and-list/app/models/drop_in_history.rb": [
        1,
        1,
        1,
        null
      ],
      "/home/ubuntu/workspace/group_project/slc-wait-time-and-list/app/models/tutor.rb": [
        0,
        0,
        0,
        0,
        null,
        null,
        0,
        0,
        0,
        0,
        0,
        0,
        0,
        0,
        0,
        0,
        0,
        null,
        0,
        0,
        0,
        0,
        0,
        0,
        0,
        0,
        0,
        0
      ],
      "/home/ubuntu/workspace/group_project/slc-wait-time-and-list/app/models/active_session.rb": [
        0,
        0,
        0,
        0
      ],
      "/home/ubuntu/workspace/group_project/slc-wait-time-and-list/app/models/tutor_work_day.rb": [
        0,
        0,
        0
      ]
    },
    "timestamp": 1508912003
  }
}
